<?xml version="1.0" encoding="UTF-8"?>
<testsuite xmlns:xsi="http://www.w3.org/2001/XMLSchema-instance" xsi:noNamespaceSchemaLocation="https://maven.apache.org/surefire/maven-surefire-plugin/xsd/surefire-test-report.xsd" name="com.LanguageTool.DictionaryFileHandlerTest" time="0.119" tests="2" errors="0" skipped="0" failures="0">
  <properties>
    <property name="java.specification.version" value="21"/>
    <property name="sun.jnu.encoding" value="UTF-8"/>
    <property name="java.class.path" value="/Users/luis/Library/CloudStorage/OneDrive-Personal/Dokumente/1_DHBW/5.Semester/Semesterprojekt/LanguageCheck/GaRP/LanguageTool/LanguageTool_Java/target/test-classes:/Users/luis/Library/CloudStorage/OneDrive-Personal/Dokumente/1_DHBW/5.Semester/Semesterprojekt/LanguageCheck/GaRP/LanguageTool/LanguageTool_Java/target/classes:/Users/luis/.m2/repository/net/sf/py4j/py4j/0.10.9.7/py4j-0.10.9.7.jar:/Users/luis/.m2/repository/junit/junit/4.11/junit-4.11.jar:/Users/luis/.m2/repository/org/hamcrest/hamcrest-core/1.3/hamcrest-core-1.3.jar:/Users/luis/.m2/repository/org/junit/jupiter/junit-jupiter-api/5.10.3/junit-jupiter-api-5.10.3.jar:/Users/luis/.m2/repository/org/opentest4j/opentest4j/1.3.0/opentest4j-1.3.0.jar:/Users/luis/.m2/repository/org/junit/platform/junit-platform-commons/1.10.3/junit-platform-commons-1.10.3.jar:/Users/luis/.m2/repository/org/apiguardian/apiguardian-api/1.1.2/apiguardian-api-1.1.2.jar:/Users/luis/.m2/repository/org/junit/jupiter/junit-jupiter-engine/5.10.3/junit-jupiter-engine-5.10.3.jar:/Users/luis/.m2/repository/org/junit/platform/junit-platform-engine/1.10.3/junit-platform-engine-1.10.3.jar:/Users/luis/.m2/repository/org/languagetool/language-all/6.4/language-all-6.4.jar:/Users/luis/.m2/repository/org/languagetool/language-ar/6.4/language-ar-6.4.jar:/Users/luis/.m2/repository/org/languagetool/languagetool-core/6.4/languagetool-core-6.4.jar:/Users/luis/.m2/repository/com/carrotsearch/hppc/0.8.2/hppc-0.8.2.jar:/Users/luis/.m2/repository/com/fasterxml/jackson/core/jackson-databind/2.16.1/jackson-databind-2.16.1.jar:/Users/luis/.m2/repository/com/fasterxml/jackson/core/jackson-annotations/2.16.1/jackson-annotations-2.16.1.jar:/Users/luis/.m2/repository/com/fasterxml/jackson/core/jackson-core/2.16.1/jackson-core-2.16.1.jar:/Users/luis/.m2/repository/com/gitlab/dumonts/hunspell/2.1.2/hunspell-2.1.2.jar:/Users/luis/.m2/repository/net/java/dev/jna/jna-platform/5.12.1/jna-platform-5.12.1.jar:/Users/luis/.m2/repository/net/java/dev/jna/jna/5.12.1/jna-5.12.1.jar:/Users/luis/.m2/repository/com/google/guava/guava/32.1.1-jre/guava-32.1.1-jre.jar:/Users/luis/.m2/repository/com/google/guava/failureaccess/1.0.1/failureaccess-1.0.1.jar:/Users/luis/.m2/repository/com/google/guava/listenablefuture/9999.0-empty-to-avoid-conflict-with-guava/listenablefuture-9999.0-empty-to-avoid-conflict-with-guava.jar:/Users/luis/.m2/repository/com/google/code/findbugs/jsr305/3.0.2/jsr305-3.0.2.jar:/Users/luis/.m2/repository/org/checkerframework/checker-qual/3.33.0/checker-qual-3.33.0.jar:/Users/luis/.m2/repository/com/google/errorprone/error_prone_annotations/2.18.0/error_prone_annotations-2.18.0.jar:/Users/luis/.m2/repository/com/google/j2objc/j2objc-annotations/2.8/j2objc-annotations-2.8.jar:/Users/luis/.m2/repository/com/hankcs/aho-corasick-double-array-trie/1.2.2/aho-corasick-double-array-trie-1.2.2.jar:/Users/luis/.m2/repository/com/optimaize/languagedetector/language-detector/0.6/language-detector-0.6.jar:/Users/luis/.m2/repository/net/arnx/jsonic/1.2.11/jsonic-1.2.11.jar:/Users/luis/.m2/repository/com/intellij/annotations/12.0/annotations-12.0.jar:/Users/luis/.m2/repository/commons-logging/commons-logging/1.2/commons-logging-1.2.jar:/Users/luis/.m2/repository/commons-validator/commons-validator/1.7/commons-validator-1.7.jar:/Users/luis/.m2/repository/commons-digester/commons-digester/2.1/commons-digester-2.1.jar:/Users/luis/.m2/repository/io/github/resilience4j/resilience4j-circuitbreaker/1.7.1/resilience4j-circuitbreaker-1.7.1.jar:/Users/luis/.m2/repository/io/vavr/vavr/0.10.2/vavr-0.10.2.jar:/Users/luis/.m2/repository/io/vavr/vavr-match/0.10.2/vavr-match-0.10.2.jar:/Users/luis/.m2/repository/io/github/resilience4j/resilience4j-core/1.7.1/resilience4j-core-1.7.1.jar:/Users/luis/.m2/repository/io/github/resilience4j/resilience4j-micrometer/1.7.1/resilience4j-micrometer-1.7.1.jar:/Users/luis/.m2/repository/io/opentelemetry/opentelemetry-api/1.26.0/opentelemetry-api-1.26.0.jar:/Users/luis/.m2/repository/io/opentelemetry/opentelemetry-context/1.26.0/opentelemetry-context-1.26.0.jar:/Users/luis/.m2/repository/io/opentelemetry/opentelemetry-semconv/1.26.0-alpha/opentelemetry-semconv-1.26.0-alpha.jar:/Users/luis/.m2/repository/io/grpc/grpc-netty-shaded/1.61.1/grpc-netty-shaded-1.61.1.jar:/Users/luis/.m2/repository/io/grpc/grpc-core/1.61.1/grpc-core-1.61.1.jar:/Users/luis/.m2/repository/com/google/code/gson/gson/2.10.1/gson-2.10.1.jar:/Users/luis/.m2/repository/com/google/android/annotations/4.1.1.4/annotations-4.1.1.4.jar:/Users/luis/.m2/repository/io/grpc/grpc-context/1.61.1/grpc-context-1.61.1.jar:/Users/luis/.m2/repository/io/grpc/grpc-util/1.61.1/grpc-util-1.61.1.jar:/Users/luis/.m2/repository/io/perfmark/perfmark-api/0.26.0/perfmark-api-0.26.0.jar:/Users/luis/.m2/repository/io/grpc/grpc-api/1.61.1/grpc-api-1.61.1.jar:/Users/luis/.m2/repository/io/grpc/grpc-protobuf/1.61.1/grpc-protobuf-1.61.1.jar:/Users/luis/.m2/repository/com/google/protobuf/protobuf-java/3.25.1/protobuf-java-3.25.1.jar:/Users/luis/.m2/repository/com/google/api/grpc/proto-google-common-protos/2.29.0/proto-google-common-protos-2.29.0.jar:/Users/luis/.m2/repository/io/grpc/grpc-protobuf-lite/1.61.1/grpc-protobuf-lite-1.61.1.jar:/Users/luis/.m2/repository/io/grpc/grpc-stub/1.61.1/grpc-stub-1.61.1.jar:/Users/luis/.m2/repository/io/micrometer/micrometer-registry-prometheus/1.7.1/micrometer-registry-prometheus-1.7.1.jar:/Users/luis/.m2/repository/io/micrometer/micrometer-core/1.7.1/micrometer-core-1.7.1.jar:/Users/luis/.m2/repository/org/hdrhistogram/HdrHistogram/2.1.12/HdrHistogram-2.1.12.jar:/Users/luis/.m2/repository/org/latencyutils/LatencyUtils/2.0.3/LatencyUtils-2.0.3.jar:/Users/luis/.m2/repository/io/prometheus/simpleclient_common/0.10.0/simpleclient_common-0.10.0.jar:/Users/luis/.m2/repository/io/prometheus/simpleclient/0.16.0/simpleclient-0.16.0.jar:/Users/luis/.m2/repository/io/prometheus/simpleclient_tracer_otel/0.16.0/simpleclient_tracer_otel-0.16.0.jar:/Users/luis/.m2/repository/io/prometheus/simpleclient_tracer_common/0.16.0/simpleclient_tracer_common-0.16.0.jar:/Users/luis/.m2/repository/io/prometheus/simpleclient_tracer_otel_agent/0.16.0/simpleclient_tracer_otel_agent-0.16.0.jar:/Users/luis/.m2/repository/io/prometheus/simpleclient_guava/0.16.0/simpleclient_guava-0.16.0.jar:/Users/luis/.m2/repository/javax/activation/javax.activation-api/1.2.0/javax.activation-api-1.2.0.jar:/Users/luis/.m2/repository/javax/annotation/javax.annotation-api/1.3.2/javax.annotation-api-1.3.2.jar:/Users/luis/.m2/repository/javax/measure/unit-api/1.0/unit-api-1.0.jar:/Users/luis/.m2/repository/javax/xml/bind/jaxb-api/2.3.0/jaxb-api-2.3.0.jar:/Users/luis/.m2/repository/net/loomchild/segment/2.0.1/segment-2.0.1.jar:/Users/luis/.m2/repository/org/apache/commons/commons-pool2/2.11.1/commons-pool2-2.11.1.jar:/Users/luis/.m2/repository/org/apache/commons/commons-text/1.10.0/commons-text-1.10.0.jar:/Users/luis/.m2/repository/org/apache/lucene/lucene-backward-codecs/5.5.5/lucene-backward-codecs-5.5.5.jar:/Users/luis/.m2/repository/org/apache/lucene/lucene-core/5.5.5/lucene-core-5.5.5.jar:/Users/luis/.m2/repository/org/carrot2/morfologik-fsa/2.1.9/morfologik-fsa-2.1.9.jar:/Users/luis/.m2/repository/org/carrot2/morfologik-fsa-builders/2.1.9/morfologik-fsa-builders-2.1.9.jar:/Users/luis/.m2/repository/org/carrot2/morfologik-speller/2.1.9/morfologik-speller-2.1.9.jar:/Users/luis/.m2/repository/org/carrot2/morfologik-stemming/2.1.9/morfologik-stemming-2.1.9.jar:/Users/luis/.m2/repository/org/glassfish/jaxb/jaxb-runtime/2.3.0/jaxb-runtime-2.3.0.jar:/Users/luis/.m2/repository/org/glassfish/jaxb/jaxb-core/2.3.0/jaxb-core-2.3.0.jar:/Users/luis/.m2/repository/org/glassfish/jaxb/txw2/2.3.0/txw2-2.3.0.jar:/Users/luis/.m2/repository/com/sun/istack/istack-commons-runtime/3.0.5/istack-commons-runtime-3.0.5.jar:/Users/luis/.m2/repository/org/jvnet/staxex/stax-ex/1.7.8/stax-ex-1.7.8.jar:/Users/luis/.m2/repository/com/sun/xml/fastinfoset/FastInfoset/1.2.13/FastInfoset-1.2.13.jar:/Users/luis/.m2/repository/org/jetbrains/annotations/20.1.0/annotations-20.1.0.jar:/Users/luis/.m2/repository/it/unimi/dsi/fastutil-core/8.5.12/fastutil-core-8.5.12.jar:/Users/luis/.m2/repository/org/json/json/20231013/json-20231013.jar:/Users/luis/.m2/repository/tech/units/indriya/1.3/indriya-1.3.jar:/Users/luis/.m2/repository/tech/uom/lib/uom-lib-common/1.1/uom-lib-common-1.1.jar:/Users/luis/.m2/repository/io/github/java-diff-utils/java-diff-utils/4.12/java-diff-utils-4.12.jar:/Users/luis/.m2/repository/org/languagetool/language-ast/6.4/language-ast-6.4.jar:/Users/luis/.m2/repository/org/languagetool/asturian-pos-dict/0.1/asturian-pos-dict-0.1.jar:/Users/luis/.m2/repository/org/languagetool/language-be/6.4/language-be-6.4.jar:/Users/luis/.m2/repository/io/github/belarus/linguistics.grammardb.spell.languagetool/1.0.2/linguistics.grammardb.spell.languagetool-1.0.2.jar:/Users/luis/.m2/repository/org/languagetool/language-br/6.4/language-br-6.4.jar:/Users/luis/.m2/repository/org/languagetool/language-ca/6.4/language-ca-6.4.jar:/Users/luis/.m2/repository/org/softcatala/catalan-pos-dict/2.25/catalan-pos-dict-2.25.jar:/Users/luis/.m2/repository/org/languagetool/language-da/6.4/language-da-6.4.jar:/Users/luis/.m2/repository/org/languagetool/language-de/6.4/language-de-6.4.jar:/Users/luis/.m2/repository/de/danielnaber/german-pos-dict/1.2.4/german-pos-dict-1.2.4.jar:/Users/luis/.m2/repository/de/danielnaber/jwordsplitter/4.7/jwordsplitter-4.7.jar:/Users/luis/.m2/repository/edu/washington/cs/knowitall/openregex/1.1.1/openregex-1.1.1.jar:/Users/luis/.m2/repository/org/apache/commons/commons-lang3/3.12.0/commons-lang3-3.12.0.jar:/Users/luis/.m2/repository/org/languagetool/language-de-DE-x-simple-language/6.4/language-de-DE-x-simple-language-6.4.jar:/Users/luis/.m2/repository/org/languagetool/language-el/6.4/language-el-6.4.jar:/Users/luis/.m2/repository/org/ioperm/morphology-el/1.0.0/morphology-el-1.0.0.jar:/Users/luis/.m2/repository/org/languagetool/language-en/6.4/language-en-6.4.jar:/Users/luis/.m2/repository/edu/washington/cs/knowitall/opennlp-chunk-models/1.5/opennlp-chunk-models-1.5.jar:/Users/luis/.m2/repository/edu/washington/cs/knowitall/opennlp-postag-models/1.5/opennlp-postag-models-1.5.jar:/Users/luis/.m2/repository/edu/washington/cs/knowitall/opennlp-tokenize-models/1.5/opennlp-tokenize-models-1.5.jar:/Users/luis/.m2/repository/org/apache/opennlp/opennlp-tools/1.9.4/opennlp-tools-1.9.4.jar:/Users/luis/.m2/repository/org/languagetool/english-pos-dict/0.3/english-pos-dict-0.3.jar:/Users/luis/.m2/repository/org/languagetool/language-eo/6.4/language-eo-6.4.jar:/Users/luis/.m2/repository/org/languagetool/language-es/6.4/language-es-6.4.jar:/Users/luis/.m2/repository/org/softcatala/spanish-pos-dict/2.2/spanish-pos-dict-2.2.jar:/Users/luis/.m2/repository/org/languagetool/language-fa/6.4/language-fa-6.4.jar:/Users/luis/.m2/repository/org/languagetool/language-fr/6.4/language-fr-6.4.jar:/Users/luis/.m2/repository/org/languagetool/french-pos-dict/0.6/french-pos-dict-0.6.jar:/Users/luis/.m2/repository/org/languagetool/language-ga/6.4/language-ga-6.4.jar:/Users/luis/.m2/repository/io/github/jimregan/languagetool-ga-dicts/0.02/languagetool-ga-dicts-0.02.jar:/Users/luis/.m2/repository/org/languagetool/language-gl/6.4/language-gl-6.4.jar:/Users/luis/.m2/repository/org/languagetool/language-it/6.4/language-it-6.4.jar:/Users/luis/.m2/repository/org/languagetool/language-ja/6.4/language-ja-6.4.jar:/Users/luis/.m2/repository/com/github/lucene-gosen/lucene-gosen/6.2.1/lucene-gosen-6.2.1-ipadic.jar:/Users/luis/.m2/repository/com/ibm/icu/icu4j/70.1/icu4j-70.1.jar:/Users/luis/.m2/repository/org/languagetool/language-km/6.4/language-km-6.4.jar:/Users/luis/.m2/repository/org/languagetool/language-nl/6.4/language-nl-6.4.jar:/Users/luis/.m2/repository/org/languagetool/dutch-pos-dict/0.1/dutch-pos-dict-0.1.jar:/Users/luis/.m2/repository/org/languagetool/language-pl/6.4/language-pl-6.4.jar:/Users/luis/.m2/repository/org/languagetool/language-pt/6.4/language-pt-6.4.jar:/Users/luis/.m2/repository/org/languagetool/portuguese-pos-dict/0.12/portuguese-pos-dict-0.12.jar:/Users/luis/.m2/repository/org/languagetool/language-ro/6.4/language-ro-6.4.jar:/Users/luis/.m2/repository/org/languagetool/language-ru/6.4/language-ru-6.4.jar:/Users/luis/.m2/repository/org/languagetool/language-sk/6.4/language-sk-6.4.jar:/Users/luis/.m2/repository/org/languagetool/language-sl/6.4/language-sl-6.4.jar:/Users/luis/.m2/repository/org/languagetool/language-sv/6.4/language-sv-6.4.jar:/Users/luis/.m2/repository/org/languagetool/language-ta/6.4/language-ta-6.4.jar:/Users/luis/.m2/repository/org/languagetool/language-tl/6.4/language-tl-6.4.jar:/Users/luis/.m2/repository/org/languagetool/language-uk/6.4/language-uk-6.4.jar:/Users/luis/.m2/repository/ua/net/nlp/morfologik-ukrainian-lt/6.4.4/morfologik-ukrainian-lt-6.4.4.jar:/Users/luis/.m2/repository/org/languagetool/language-zh/6.4/language-zh-6.4.jar:/Users/luis/.m2/repository/com/hankcs/hanlp/portable-1.8.2/hanlp-portable-1.8.2.jar:/Users/luis/.m2/repository/org/languagetool/language-crh/6.4/language-crh-6.4.jar:/Users/luis/.m2/repository/org/qirimca/nlp/morfologik-crh-lt/1.0.1/morfologik-crh-lt-1.0.1.jar:/Users/luis/.m2/repository/commons-codec/commons-codec/1.13/commons-codec-1.13.jar:/Users/luis/.m2/repository/ch/qos/logback/logback-classic/1.2.3/logback-classic-1.2.3.jar:/Users/luis/.m2/repository/ch/qos/logback/logback-core/1.2.3/logback-core-1.2.3.jar:/Users/luis/.m2/repository/org/slf4j/slf4j-api/1.7.25/slf4j-api-1.7.25.jar:"/>
    <property name="java.vm.vendor" value="Homebrew"/>
    <property name="sun.arch.data.model" value="64"/>
    <property name="java.vendor.url" value="https://github.com/Homebrew/homebrew-core/issues"/>
    <property name="os.name" value="Mac OS X"/>
    <property name="java.vm.specification.version" value="21"/>
    <property name="sun.java.launcher" value="SUN_STANDARD"/>
    <property name="user.country" value="GB"/>
    <property name="sun.boot.library.path" value="/usr/local/Cellar/openjdk/21.0.2/libexec/openjdk.jdk/Contents/Home/lib"/>
    <property name="sun.java.command" value="/Users/luis/Library/CloudStorage/OneDrive-Personal/Dokumente/1_DHBW/5.Semester/Semesterprojekt/LanguageCheck/GaRP/LanguageTool/LanguageTool_Java/target/surefire/surefirebooter18347465353080764607.jar /Users/luis/Library/CloudStorage/OneDrive-Personal/Dokumente/1_DHBW/5.Semester/Semesterprojekt/LanguageCheck/GaRP/LanguageTool/LanguageTool_Java/target/surefire 2024-09-05T22-53-31_373-jvmRun1 surefire10388027741783077931tmp surefire_010830527608780168055tmp"/>
    <property name="http.nonProxyHosts" value="local|*.local|169.254/16|*.169.254/16"/>
    <property name="jdk.debug" value="release"/>
    <property name="surefire.test.class.path" value="/Users/luis/Library/CloudStorage/OneDrive-Personal/Dokumente/1_DHBW/5.Semester/Semesterprojekt/LanguageCheck/GaRP/LanguageTool/LanguageTool_Java/target/test-classes:/Users/luis/Library/CloudStorage/OneDrive-Personal/Dokumente/1_DHBW/5.Semester/Semesterprojekt/LanguageCheck/GaRP/LanguageTool/LanguageTool_Java/target/classes:/Users/luis/.m2/repository/net/sf/py4j/py4j/0.10.9.7/py4j-0.10.9.7.jar:/Users/luis/.m2/repository/junit/junit/4.11/junit-4.11.jar:/Users/luis/.m2/repository/org/hamcrest/hamcrest-core/1.3/hamcrest-core-1.3.jar:/Users/luis/.m2/repository/org/junit/jupiter/junit-jupiter-api/5.10.3/junit-jupiter-api-5.10.3.jar:/Users/luis/.m2/repository/org/opentest4j/opentest4j/1.3.0/opentest4j-1.3.0.jar:/Users/luis/.m2/repository/org/junit/platform/junit-platform-commons/1.10.3/junit-platform-commons-1.10.3.jar:/Users/luis/.m2/repository/org/apiguardian/apiguardian-api/1.1.2/apiguardian-api-1.1.2.jar:/Users/luis/.m2/repository/org/junit/jupiter/junit-jupiter-engine/5.10.3/junit-jupiter-engine-5.10.3.jar:/Users/luis/.m2/repository/org/junit/platform/junit-platform-engine/1.10.3/junit-platform-engine-1.10.3.jar:/Users/luis/.m2/repository/org/languagetool/language-all/6.4/language-all-6.4.jar:/Users/luis/.m2/repository/org/languagetool/language-ar/6.4/language-ar-6.4.jar:/Users/luis/.m2/repository/org/languagetool/languagetool-core/6.4/languagetool-core-6.4.jar:/Users/luis/.m2/repository/com/carrotsearch/hppc/0.8.2/hppc-0.8.2.jar:/Users/luis/.m2/repository/com/fasterxml/jackson/core/jackson-databind/2.16.1/jackson-databind-2.16.1.jar:/Users/luis/.m2/repository/com/fasterxml/jackson/core/jackson-annotations/2.16.1/jackson-annotations-2.16.1.jar:/Users/luis/.m2/repository/com/fasterxml/jackson/core/jackson-core/2.16.1/jackson-core-2.16.1.jar:/Users/luis/.m2/repository/com/gitlab/dumonts/hunspell/2.1.2/hunspell-2.1.2.jar:/Users/luis/.m2/repository/net/java/dev/jna/jna-platform/5.12.1/jna-platform-5.12.1.jar:/Users/luis/.m2/repository/net/java/dev/jna/jna/5.12.1/jna-5.12.1.jar:/Users/luis/.m2/repository/com/google/guava/guava/32.1.1-jre/guava-32.1.1-jre.jar:/Users/luis/.m2/repository/com/google/guava/failureaccess/1.0.1/failureaccess-1.0.1.jar:/Users/luis/.m2/repository/com/google/guava/listenablefuture/9999.0-empty-to-avoid-conflict-with-guava/listenablefuture-9999.0-empty-to-avoid-conflict-with-guava.jar:/Users/luis/.m2/repository/com/google/code/findbugs/jsr305/3.0.2/jsr305-3.0.2.jar:/Users/luis/.m2/repository/org/checkerframework/checker-qual/3.33.0/checker-qual-3.33.0.jar:/Users/luis/.m2/repository/com/google/errorprone/error_prone_annotations/2.18.0/error_prone_annotations-2.18.0.jar:/Users/luis/.m2/repository/com/google/j2objc/j2objc-annotations/2.8/j2objc-annotations-2.8.jar:/Users/luis/.m2/repository/com/hankcs/aho-corasick-double-array-trie/1.2.2/aho-corasick-double-array-trie-1.2.2.jar:/Users/luis/.m2/repository/com/optimaize/languagedetector/language-detector/0.6/language-detector-0.6.jar:/Users/luis/.m2/repository/net/arnx/jsonic/1.2.11/jsonic-1.2.11.jar:/Users/luis/.m2/repository/com/intellij/annotations/12.0/annotations-12.0.jar:/Users/luis/.m2/repository/commons-logging/commons-logging/1.2/commons-logging-1.2.jar:/Users/luis/.m2/repository/commons-validator/commons-validator/1.7/commons-validator-1.7.jar:/Users/luis/.m2/repository/commons-digester/commons-digester/2.1/commons-digester-2.1.jar:/Users/luis/.m2/repository/io/github/resilience4j/resilience4j-circuitbreaker/1.7.1/resilience4j-circuitbreaker-1.7.1.jar:/Users/luis/.m2/repository/io/vavr/vavr/0.10.2/vavr-0.10.2.jar:/Users/luis/.m2/repository/io/vavr/vavr-match/0.10.2/vavr-match-0.10.2.jar:/Users/luis/.m2/repository/io/github/resilience4j/resilience4j-core/1.7.1/resilience4j-core-1.7.1.jar:/Users/luis/.m2/repository/io/github/resilience4j/resilience4j-micrometer/1.7.1/resilience4j-micrometer-1.7.1.jar:/Users/luis/.m2/repository/io/opentelemetry/opentelemetry-api/1.26.0/opentelemetry-api-1.26.0.jar:/Users/luis/.m2/repository/io/opentelemetry/opentelemetry-context/1.26.0/opentelemetry-context-1.26.0.jar:/Users/luis/.m2/repository/io/opentelemetry/opentelemetry-semconv/1.26.0-alpha/opentelemetry-semconv-1.26.0-alpha.jar:/Users/luis/.m2/repository/io/grpc/grpc-netty-shaded/1.61.1/grpc-netty-shaded-1.61.1.jar:/Users/luis/.m2/repository/io/grpc/grpc-core/1.61.1/grpc-core-1.61.1.jar:/Users/luis/.m2/repository/com/google/code/gson/gson/2.10.1/gson-2.10.1.jar:/Users/luis/.m2/repository/com/google/android/annotations/4.1.1.4/annotations-4.1.1.4.jar:/Users/luis/.m2/repository/io/grpc/grpc-context/1.61.1/grpc-context-1.61.1.jar:/Users/luis/.m2/repository/io/grpc/grpc-util/1.61.1/grpc-util-1.61.1.jar:/Users/luis/.m2/repository/io/perfmark/perfmark-api/0.26.0/perfmark-api-0.26.0.jar:/Users/luis/.m2/repository/io/grpc/grpc-api/1.61.1/grpc-api-1.61.1.jar:/Users/luis/.m2/repository/io/grpc/grpc-protobuf/1.61.1/grpc-protobuf-1.61.1.jar:/Users/luis/.m2/repository/com/google/protobuf/protobuf-java/3.25.1/protobuf-java-3.25.1.jar:/Users/luis/.m2/repository/com/google/api/grpc/proto-google-common-protos/2.29.0/proto-google-common-protos-2.29.0.jar:/Users/luis/.m2/repository/io/grpc/grpc-protobuf-lite/1.61.1/grpc-protobuf-lite-1.61.1.jar:/Users/luis/.m2/repository/io/grpc/grpc-stub/1.61.1/grpc-stub-1.61.1.jar:/Users/luis/.m2/repository/io/micrometer/micrometer-registry-prometheus/1.7.1/micrometer-registry-prometheus-1.7.1.jar:/Users/luis/.m2/repository/io/micrometer/micrometer-core/1.7.1/micrometer-core-1.7.1.jar:/Users/luis/.m2/repository/org/hdrhistogram/HdrHistogram/2.1.12/HdrHistogram-2.1.12.jar:/Users/luis/.m2/repository/org/latencyutils/LatencyUtils/2.0.3/LatencyUtils-2.0.3.jar:/Users/luis/.m2/repository/io/prometheus/simpleclient_common/0.10.0/simpleclient_common-0.10.0.jar:/Users/luis/.m2/repository/io/prometheus/simpleclient/0.16.0/simpleclient-0.16.0.jar:/Users/luis/.m2/repository/io/prometheus/simpleclient_tracer_otel/0.16.0/simpleclient_tracer_otel-0.16.0.jar:/Users/luis/.m2/repository/io/prometheus/simpleclient_tracer_common/0.16.0/simpleclient_tracer_common-0.16.0.jar:/Users/luis/.m2/repository/io/prometheus/simpleclient_tracer_otel_agent/0.16.0/simpleclient_tracer_otel_agent-0.16.0.jar:/Users/luis/.m2/repository/io/prometheus/simpleclient_guava/0.16.0/simpleclient_guava-0.16.0.jar:/Users/luis/.m2/repository/javax/activation/javax.activation-api/1.2.0/javax.activation-api-1.2.0.jar:/Users/luis/.m2/repository/javax/annotation/javax.annotation-api/1.3.2/javax.annotation-api-1.3.2.jar:/Users/luis/.m2/repository/javax/measure/unit-api/1.0/unit-api-1.0.jar:/Users/luis/.m2/repository/javax/xml/bind/jaxb-api/2.3.0/jaxb-api-2.3.0.jar:/Users/luis/.m2/repository/net/loomchild/segment/2.0.1/segment-2.0.1.jar:/Users/luis/.m2/repository/org/apache/commons/commons-pool2/2.11.1/commons-pool2-2.11.1.jar:/Users/luis/.m2/repository/org/apache/commons/commons-text/1.10.0/commons-text-1.10.0.jar:/Users/luis/.m2/repository/org/apache/lucene/lucene-backward-codecs/5.5.5/lucene-backward-codecs-5.5.5.jar:/Users/luis/.m2/repository/org/apache/lucene/lucene-core/5.5.5/lucene-core-5.5.5.jar:/Users/luis/.m2/repository/org/carrot2/morfologik-fsa/2.1.9/morfologik-fsa-2.1.9.jar:/Users/luis/.m2/repository/org/carrot2/morfologik-fsa-builders/2.1.9/morfologik-fsa-builders-2.1.9.jar:/Users/luis/.m2/repository/org/carrot2/morfologik-speller/2.1.9/morfologik-speller-2.1.9.jar:/Users/luis/.m2/repository/org/carrot2/morfologik-stemming/2.1.9/morfologik-stemming-2.1.9.jar:/Users/luis/.m2/repository/org/glassfish/jaxb/jaxb-runtime/2.3.0/jaxb-runtime-2.3.0.jar:/Users/luis/.m2/repository/org/glassfish/jaxb/jaxb-core/2.3.0/jaxb-core-2.3.0.jar:/Users/luis/.m2/repository/org/glassfish/jaxb/txw2/2.3.0/txw2-2.3.0.jar:/Users/luis/.m2/repository/com/sun/istack/istack-commons-runtime/3.0.5/istack-commons-runtime-3.0.5.jar:/Users/luis/.m2/repository/org/jvnet/staxex/stax-ex/1.7.8/stax-ex-1.7.8.jar:/Users/luis/.m2/repository/com/sun/xml/fastinfoset/FastInfoset/1.2.13/FastInfoset-1.2.13.jar:/Users/luis/.m2/repository/org/jetbrains/annotations/20.1.0/annotations-20.1.0.jar:/Users/luis/.m2/repository/it/unimi/dsi/fastutil-core/8.5.12/fastutil-core-8.5.12.jar:/Users/luis/.m2/repository/org/json/json/20231013/json-20231013.jar:/Users/luis/.m2/repository/tech/units/indriya/1.3/indriya-1.3.jar:/Users/luis/.m2/repository/tech/uom/lib/uom-lib-common/1.1/uom-lib-common-1.1.jar:/Users/luis/.m2/repository/io/github/java-diff-utils/java-diff-utils/4.12/java-diff-utils-4.12.jar:/Users/luis/.m2/repository/org/languagetool/language-ast/6.4/language-ast-6.4.jar:/Users/luis/.m2/repository/org/languagetool/asturian-pos-dict/0.1/asturian-pos-dict-0.1.jar:/Users/luis/.m2/repository/org/languagetool/language-be/6.4/language-be-6.4.jar:/Users/luis/.m2/repository/io/github/belarus/linguistics.grammardb.spell.languagetool/1.0.2/linguistics.grammardb.spell.languagetool-1.0.2.jar:/Users/luis/.m2/repository/org/languagetool/language-br/6.4/language-br-6.4.jar:/Users/luis/.m2/repository/org/languagetool/language-ca/6.4/language-ca-6.4.jar:/Users/luis/.m2/repository/org/softcatala/catalan-pos-dict/2.25/catalan-pos-dict-2.25.jar:/Users/luis/.m2/repository/org/languagetool/language-da/6.4/language-da-6.4.jar:/Users/luis/.m2/repository/org/languagetool/language-de/6.4/language-de-6.4.jar:/Users/luis/.m2/repository/de/danielnaber/german-pos-dict/1.2.4/german-pos-dict-1.2.4.jar:/Users/luis/.m2/repository/de/danielnaber/jwordsplitter/4.7/jwordsplitter-4.7.jar:/Users/luis/.m2/repository/edu/washington/cs/knowitall/openregex/1.1.1/openregex-1.1.1.jar:/Users/luis/.m2/repository/org/apache/commons/commons-lang3/3.12.0/commons-lang3-3.12.0.jar:/Users/luis/.m2/repository/org/languagetool/language-de-DE-x-simple-language/6.4/language-de-DE-x-simple-language-6.4.jar:/Users/luis/.m2/repository/org/languagetool/language-el/6.4/language-el-6.4.jar:/Users/luis/.m2/repository/org/ioperm/morphology-el/1.0.0/morphology-el-1.0.0.jar:/Users/luis/.m2/repository/org/languagetool/language-en/6.4/language-en-6.4.jar:/Users/luis/.m2/repository/edu/washington/cs/knowitall/opennlp-chunk-models/1.5/opennlp-chunk-models-1.5.jar:/Users/luis/.m2/repository/edu/washington/cs/knowitall/opennlp-postag-models/1.5/opennlp-postag-models-1.5.jar:/Users/luis/.m2/repository/edu/washington/cs/knowitall/opennlp-tokenize-models/1.5/opennlp-tokenize-models-1.5.jar:/Users/luis/.m2/repository/org/apache/opennlp/opennlp-tools/1.9.4/opennlp-tools-1.9.4.jar:/Users/luis/.m2/repository/org/languagetool/english-pos-dict/0.3/english-pos-dict-0.3.jar:/Users/luis/.m2/repository/org/languagetool/language-eo/6.4/language-eo-6.4.jar:/Users/luis/.m2/repository/org/languagetool/language-es/6.4/language-es-6.4.jar:/Users/luis/.m2/repository/org/softcatala/spanish-pos-dict/2.2/spanish-pos-dict-2.2.jar:/Users/luis/.m2/repository/org/languagetool/language-fa/6.4/language-fa-6.4.jar:/Users/luis/.m2/repository/org/languagetool/language-fr/6.4/language-fr-6.4.jar:/Users/luis/.m2/repository/org/languagetool/french-pos-dict/0.6/french-pos-dict-0.6.jar:/Users/luis/.m2/repository/org/languagetool/language-ga/6.4/language-ga-6.4.jar:/Users/luis/.m2/repository/io/github/jimregan/languagetool-ga-dicts/0.02/languagetool-ga-dicts-0.02.jar:/Users/luis/.m2/repository/org/languagetool/language-gl/6.4/language-gl-6.4.jar:/Users/luis/.m2/repository/org/languagetool/language-it/6.4/language-it-6.4.jar:/Users/luis/.m2/repository/org/languagetool/language-ja/6.4/language-ja-6.4.jar:/Users/luis/.m2/repository/com/github/lucene-gosen/lucene-gosen/6.2.1/lucene-gosen-6.2.1-ipadic.jar:/Users/luis/.m2/repository/com/ibm/icu/icu4j/70.1/icu4j-70.1.jar:/Users/luis/.m2/repository/org/languagetool/language-km/6.4/language-km-6.4.jar:/Users/luis/.m2/repository/org/languagetool/language-nl/6.4/language-nl-6.4.jar:/Users/luis/.m2/repository/org/languagetool/dutch-pos-dict/0.1/dutch-pos-dict-0.1.jar:/Users/luis/.m2/repository/org/languagetool/language-pl/6.4/language-pl-6.4.jar:/Users/luis/.m2/repository/org/languagetool/language-pt/6.4/language-pt-6.4.jar:/Users/luis/.m2/repository/org/languagetool/portuguese-pos-dict/0.12/portuguese-pos-dict-0.12.jar:/Users/luis/.m2/repository/org/languagetool/language-ro/6.4/language-ro-6.4.jar:/Users/luis/.m2/repository/org/languagetool/language-ru/6.4/language-ru-6.4.jar:/Users/luis/.m2/repository/org/languagetool/language-sk/6.4/language-sk-6.4.jar:/Users/luis/.m2/repository/org/languagetool/language-sl/6.4/language-sl-6.4.jar:/Users/luis/.m2/repository/org/languagetool/language-sv/6.4/language-sv-6.4.jar:/Users/luis/.m2/repository/org/languagetool/language-ta/6.4/language-ta-6.4.jar:/Users/luis/.m2/repository/org/languagetool/language-tl/6.4/language-tl-6.4.jar:/Users/luis/.m2/repository/org/languagetool/language-uk/6.4/language-uk-6.4.jar:/Users/luis/.m2/repository/ua/net/nlp/morfologik-ukrainian-lt/6.4.4/morfologik-ukrainian-lt-6.4.4.jar:/Users/luis/.m2/repository/org/languagetool/language-zh/6.4/language-zh-6.4.jar:/Users/luis/.m2/repository/com/hankcs/hanlp/portable-1.8.2/hanlp-portable-1.8.2.jar:/Users/luis/.m2/repository/org/languagetool/language-crh/6.4/language-crh-6.4.jar:/Users/luis/.m2/repository/org/qirimca/nlp/morfologik-crh-lt/1.0.1/morfologik-crh-lt-1.0.1.jar:/Users/luis/.m2/repository/commons-codec/commons-codec/1.13/commons-codec-1.13.jar:/Users/luis/.m2/repository/ch/qos/logback/logback-classic/1.2.3/logback-classic-1.2.3.jar:/Users/luis/.m2/repository/ch/qos/logback/logback-core/1.2.3/logback-core-1.2.3.jar:/Users/luis/.m2/repository/org/slf4j/slf4j-api/1.7.25/slf4j-api-1.7.25.jar:"/>
    <property name="sun.cpu.endian" value="little"/>
    <property name="user.home" value="/Users/luis"/>
    <property name="user.language" value="en"/>
    <property name="java.specification.vendor" value="Oracle Corporation"/>
    <property name="java.version.date" value="2024-01-16"/>
    <property name="java.home" value="/usr/local/Cellar/openjdk/21.0.2/libexec/openjdk.jdk/Contents/Home"/>
    <property name="file.separator" value="/"/>
    <property name="basedir" value="/Users/luis/Library/CloudStorage/OneDrive-Personal/Dokumente/1_DHBW/5.Semester/Semesterprojekt/LanguageCheck/GaRP/LanguageTool/LanguageTool_Java"/>
    <property name="java.vm.compressedOopsMode" value="Zero based"/>
    <property name="line.separator" value="&#10;"/>
    <property name="java.vm.specification.vendor" value="Oracle Corporation"/>
    <property name="java.specification.name" value="Java Platform API Specification"/>
    <property name="apple.awt.application.name" value="ForkedBooter"/>
    <property name="surefire.real.class.path" value="/Users/luis/Library/CloudStorage/OneDrive-Personal/Dokumente/1_DHBW/5.Semester/Semesterprojekt/LanguageCheck/GaRP/LanguageTool/LanguageTool_Java/target/surefire/surefirebooter18347465353080764607.jar"/>
    <property name="sun.management.compiler" value="HotSpot 64-Bit Tiered Compilers"/>
    <property name="ftp.nonProxyHosts" value="local|*.local|169.254/16|*.169.254/16"/>
    <property name="java.runtime.version" value="21.0.2"/>
    <property name="user.name" value="luis"/>
    <property name="stdout.encoding" value="UTF-8"/>
    <property name="path.separator" value=":"/>
    <property name="os.version" value="14.5"/>
    <property name="java.runtime.name" value="OpenJDK Runtime Environment"/>
    <property name="file.encoding" value="UTF-8"/>
    <property name="java.vm.name" value="OpenJDK 64-Bit Server VM"/>
    <property name="java.vendor.version" value="Homebrew"/>
    <property name="localRepository" value="/Users/luis/.m2/repository"/>
    <property name="java.vendor.url.bug" value="https://github.com/Homebrew/homebrew-core/issues"/>
    <property name="java.io.tmpdir" value="/var/folders/s0/b5fxk75j7m59n893yhv26n4m0000gn/T/"/>
    <property name="java.version" value="21.0.2"/>
    <property name="user.dir" value="/Users/luis/Library/CloudStorage/OneDrive-Personal/Dokumente/1_DHBW/5.Semester/Semesterprojekt/LanguageCheck/GaRP/LanguageTool/LanguageTool_Java"/>
    <property name="os.arch" value="x86_64"/>
    <property name="java.vm.specification.name" value="Java Virtual Machine Specification"/>
    <property name="native.encoding" value="UTF-8"/>
    <property name="java.library.path" value="/Users/luis/Library/Java/Extensions:/Library/Java/Extensions:/Network/Library/Java/Extensions:/System/Library/Java/Extensions:/usr/lib/java:."/>
    <property name="java.vm.info" value="mixed mode, sharing"/>
    <property name="stderr.encoding" value="UTF-8"/>
    <property name="java.vendor" value="Homebrew"/>
    <property name="java.vm.version" value="21.0.2"/>
    <property name="sun.io.unicode.encoding" value="UnicodeBig"/>
    <property name="socksNonProxyHosts" value="local|*.local|169.254/16|*.169.254/16"/>
    <property name="java.class.version" value="65.0"/>
  </properties>
  <testcase name="testDeleteWords" classname="com.LanguageTool.DictionaryFileHandlerTest" time="0.075"/>
  <testcase name="testWriteDictionary" classname="com.LanguageTool.DictionaryFileHandlerTest" time="0.013"/>
</testsuite>